[RUN #0 3 100]
-493 -102 -705
735 -916 35
507 -444 497
-282 -272 -365
-91 -587 108
-47 -815 734
-710 938 -972
169 812 762
-805 717 581
-391 -970 71
-625 -860 -466
-615 9 622
-863 682 -260
-867 -42 -344
-17 235 352
177 551 -454
296 -874 -689
109 -463 -374
-844 899 -571
411 -720 898
344 -238 -208
222 -652 215
668 -389 -488
-859 -854 396
947 -711 326
207 -885 307
557 -129 228
-664 874 -282
139 -593 -766
-688 -375 -636
-35 -555 -528
595 -236 -907
-564 -94 -111
-897 -795 252
676 400 260
-379 95 -186
476 -787 -404
565 879 -311
-692 -423 -305
-145 346 268
813 247 -374
925 962 -988
-564 -781 -355
635 800 -188
-766 -299 -855
-364 -650 595
308 -847 253
-850 -653 -999
650 89 -917
-743 -988 929
661 -529 -733
9 369 356
526 -777 -644
-586 653 97
928 -792 -954
-756 491 -276
-211 -456 -177
-809 694 -108
628 434 -21
166 -582 84
732 -158 -875
919 764 342
786 -309 -848
884 -526 728
-864 -784 160
-220 -76 15
669 -660 317
-735 428 935
-431 91 -453
582 795 -239
625 -76 -279
407 -771 400
751 317 -160
-278 229 -966
675 490 -534
-515 283 -520
575 246 777
-359 323 674
811 -869 -699
-800 -76 -678
462 -351 -936
460 -315 -586
-514 661 -522
-354 151 392
-307 133 424
-711 -538 705
-913 -209 -966
-183 603 -444
-171 -200 -304
-752 927 -331
854 882 -787
-831 -946 -567
39 -567 -49
-143 -169 -353
742 525 451
-809 -545 34
-711 274 -600
79 691 759
-751 -416 258
-943 -362 -254
[RUN #1 5 100]
974 -313 -477 -185 -408
316 -6 -817 34 953
372 -426 869 -31 76
28 138 547 113 -877
244 -484 275 128 -266
-863 -542 196 627 -52
-949 -187 -557 -492 239
-515 -246 -927 -646 989
-696 988 183 -335 542
-751 853 -43 987 -865
678 387 514 791 664
-360 -295 -894 -62 -512
-653 -932 565 888 471
377 -183 -1 656 976
-310 382 -374 521 -85
325 637 -943 77 -555
61 353 971 -161 594
233 -864 -784 838 458
913 89 -189 794 -685
925 -76 199 14 172
-532 -445 382 367 -102
168 -765 -678 -807 708
-14 335 425 199 961
-429 542 811 -234 187
-929 -693 574 -614 -934
-392 -733 -990 597 714
-452 -37 563 -85 132
451 -33 489 -571 53
-647 -89 263 504 -373
451 239 -285 -106 -511
430 379 -97 -34 585
668 -499 -729 630 -307
-276 -774 78 562 -236
-966 -758 283 -935 67
687 179 694 -970 637
136 903 -980 433 -86
214 337 989 -221 956
719 -15 299 -635 -557
-66 -624 -18 114 -690
696 723 334 501 -496
653 -899 957 569 -323
673 320 728 973 870
221 873 -786 343 500
-267 643 217 -773 405
-544 361 -100 -639 -580
869 -752 66 -208 35
-377 -824 -890 352 -639
52 852 960 457 -499
909 -519 424 734 646
-454 521 746 182 613
-174 -82 248 -156 -805
-1000 713 225 -644 -991
87 -679 -472 569 -218
727 -976 -233 48 -99
79 183 399 537 -355
394 -544 568 -154 549
132 -340 50 -86 -76
730 126 -168 -216 119
-383 -872 -698 -245 -869
185 -259 104 -905 -858
984 -774 -283 -18 607
-859 -524 568 938 -186
842 36 874 -830 951
706 -932 970 -659 -135
-353 367 -384 753 -181
-797 -902 222 -648 907
-704 -853 -656 -964 -343
-97 -732 319 -612 -332
300 -983 -248 -997 -770
113 -16 -458 568 -720
-337 -513 -775 863 -383
-887 -932 111 551 -661
442 765 -859 -446 -421
134 -200 622 152 21
386 -394 -617 317 763
-353 -340 508 -586 379
614 147 77 -559 492
365 -303 -343 -666 -658
925 -172 54 -275 189
551 851 825 -509 148
-992 -566 729 368 962
855 -582 -499 -712 -621
412 603 204 77 -660
670 924 -321 546 656
-801 969 -849 437 868
-385 546 -312 -611 -373
644 914 957 89 749
136 406 -428 -770 -606
645 455 -585 151 985
-725 572 -937 -940 173
-97 841 926 231 150
563 -921 816 959 -957
-984 -221 598 330 -661
-654 -867 62 -48 -509
-469 418 -116 -526 -324
952 87 -43 -675 -525
970 -766 -305 47 396
-947 258 133 -43 -989
-43 -510 481 -498 -597
241 -698 247 -418 -135
[RUN #2 5 10]
-464 324 -909 835 -699
3 383 171 -310 -984
476 14 673 -923 372
-855 -714 -995 -848 -518
580 444 913 -509 -486
681 605 674 -653 760
35 626 -167 648 -368
-59 492 557 721 864
867 -681 356 190 700
-741 -965 -936 336 665
[RUN #3 10 10]
-736 -932 -58 822 504 205 -57 794 403 -182
614 188 -71 -865 383 527 477 -870 -604 -198
-828 -298 -227 -238 -879 -52 209 56 -55 -93
-356 144 -542 334 -450 -723 279 201 -239 -835
150 836 879 -701 -113 495 98 -838 -980 -767
85 -641 38 538 22 715 300 -842 272 -978
612 587 -983 -497 131 -692 695 -117 630 292
-555 146 -407 -664 263 838 -283 533 -938 -1000
-297 812 -159 102 -523 -276 353 33 989 235
-9 512 281 856 -177 834 4 207 676 -97
[RUN #4 4 10]
-876 903 941 -595
-827 -224 -192 115
-676 55 248 -837
-488 844 120 862
-213 378 -156 253
-577 -929 449 833
-599 421 463 -94
929 673 -264 -575
518 98 -659 -354
-855 811 476 -722
[RUN #5 4 10]
80 -429 -563 -708
847 888 618 -935
-994 -673 866 -308
-775 885 -540 -926
998 711 400 -353
338 -664 -832 -502
972 858 -446 -160
433 -176 -152 -630
-930 137 584 403
430 -893 89 -172
[RUN #6 5 10]
-168 -182 647 -58 -61
855 479 525 -438 778
-524 428 -183 869 263
451 -752 -143 588 383
-186 -927 -148 -850 947
188 -376 -704 -316 542
-394 412 -222 -641 -679
-538 178 -158 451 -219
544 428 -161 -532 -389
-227 -603 272 -409 -71
[RUN #7 5 100]
879 382 252 851 -655
-654 -281 -609 646 522
-116 -478 -182 -303 753
-178 468 -268 657 309
656 145 419 671 -150
-965 381 921 952 245
220 507 188 -113 11
710 -435 -499 -617 12
155 -84 874 880 878
-253 -898 -869 -149 -436
481 -52 -890 996 -125
720 -440 -494 -521 995
-917 784 360 -152 178
-861 438 760 876 -567
-260 287 -95 -104 436
-850 -192 -840 -81 -549
-227 -526 -305 -589 -390
950 -917 -74 -860 465
-285 -920 407 -822 -199
-212 152 609 819 949
489 755 916 -316 77
145 768 22 115 381
-915 -451 -830 773 -692
-286 656 -648 118 986
-622 -512 470 229 -413
-399 759 317 -512 177
750 566 -45 -150 -244
48 941 158 -274 -346
474 391 444 -11 -457
-762 -188 592 672 996
-111 -640 -855 829 807
400 810 -869 -959 -570
-608 223 821 903 940
188 -596 798 224 103
-536 -278 -494 -600 315
-994 422 190 866 -257
-378 783 -143 -945 -863
-200 -103 -784 52 -280
786 -862 301 -408 220
187 830 -765 -392 141
-68 -979 674 -921 -277
-105 328 -550 454 -910
-435 -47 -901 910 276
958 254 -784 322 -352
999 -882 -296 51 3
-631 -239 -729 -56 -325
-403 851 861 625 496
763 -721 725 -232 -734
-334 874 -183 789 -699
768 107 664 -292 -599
983 -136 -750 373 246
-369 703 -272 110 160
-599 7 -234 749 900
-692 -647 397 -233 -598
737 677 -712 735 392
-845 661 -199 261 917
484 -877 570 894 -609
170 -499 59 842 942
868 -602 101 263 -752
-235 657 262 822 -720
125 -341 195 387 72
-106 498 -855 742 933
-235 -776 -848 809 -857
942 752 -39 -135 298
-501 690 461 -576 -49
-213 -258 -448 -511 805
682 -852 -262 138 878
-53 839 -955 -332 373
-129 935 912 843 -107
-862 -121 -875 57 747
-291 -720 301 146 557
1 -654 -981 415 515
-610 341 -318 129 -801
-516 -849 -984 -330 572
399 452 814 302 -467
-402 704 627 6 172
-969 -254 849 335 -410
378 -739 -542 -122 -331
-929 119 60 -619 -776
854 -271 437 895 -845
-945 -740 831 664 -20
785 -237 -595 -930 -985
-729 715 163 191 -873
-752 348 138 947 815
-127 60 -472 -515 -922
61 -895 147 880 -632
780 25 -663 300 -276
-240 -93 692 -624 805
404 -75 420 -627 -789
57 -479 465 576 442
417 432 724 -974 -539
865 994 862 -235 -721
981 -630 744 -157 -848
77 -580 -352 -859 -226
377 676 296 60 348
319 -397 633 -814 75
181 593 -404 -882 -892
976 -298 -155 -354 -772
-540 -901 902 -303 -788
654 981 -778 -947 720
[RUN #8 100 100]
939 856 -624 594 -991 167 -242 867 -71 -194 556 -769 286 -771 702 770 -476 889 203 968 -929 994 -762 687 381 -359 -267 -615 612 316 683 -199 -231 276 -686 -112 174 -736 -316 691 154 -675 -182 494 -920 -873 695 -4 348 -133 -767 190 -465 -77 -214 151 478 932 160 665 625 565 87 467 -819 352 -697 -865 -149 -249 285 951 -671 748 654 -913 -100 483 439 359 351 -461 686 -118 -704 -337 724 -320 -177 -488 -264 -990 63 -879 -279 -161 -748 440 228 -101
-927 -237 -936 689 632 -829 -381 -600 856 950 338 -358 -961 -646 -544 -806 -573 -218 -850 -786 -994 612 -575 834 -722 211 437 19 -434 -390 70 -546 -905 -314 -82 577 785 80 -331 413 991 481 525 865 -142 -492 34 811 357 122 915 410 41 250 -146 388 -605 462 757 -876 696 -724 162 653 -30 672 -624 110 -588 -104 -651 -733 718 273 -771 -859 -488 896 619 734 -373 -992 -234 527 104 651 425 905 682 -14 -678 -118 -952 -383 28 914 -347 220 587 566
516 -876 521 -340 725 456 982 -295 458 -272 199 731 -769 802 -261 956 -348 218 870 -472 -279 -520 -613 -288 -763 486 -458 377 -445 -328 992 223 645 653 -184 866 168 774 -511 -365 497 721 -859 883 -655 233 658 -826 739 164 73 17 451 799 617 -553 -470 -494 185 -169 369 420 -284 -585 102 703 -482 96 -326 -477 274 433 -247 24 -471 -175 10 688 637 990 918 -357 33 -44 250 55 393 9 -22 30 881 -746 -233 834 -501 323 159 -863 -801 -799
300 -715 831 -31 -799 -18 545 973 826 -805 -242 -399 -534 -74 -7 11 212 -619 924 876 -228 -187 -197 69 348 -908 483 803 -912 -842 951 681 301 638 -21 341 393 -725 907 587 479 20 -37 940 432 571 -363 152 -143 -587 569 185 99 970 -990 -894 214 -733 7 259 -35 414 -788 -65 128 -361 -929 -490 -138 -289 -180 -435 540 50 -567 -112 216 146 -390 -843 -47 182 231 -393 415 394 695 989 -939 -248 -921 -465 357 -250 642 -258 406 -1 -386 -56
-43 -726 858 -664 -917 -164 643 500 461 949 439 396 -623 -632 -37 -419 591 204 936 233 996 709 520 -684 -556 146 -403 369 259 354 999 -256 251 342 -919 -122 -45 -908 -19 -507 -586 -970 -451 611 306 -796 525 -225 -290 -429 -380 -193 203 249 -933 514 346 100 -289 -170 239 -952 -520 -15 -553 -131 -47 338 641 -461 -847 -629 -659 774 -308 924 77 962 -939 598 172 -204 -950 303 -635 -432 -558 -109 -50 -236 336 -965 825 -685 -101 -372 763 -437 -162 -797
-751 -769 -188 107 -527 -584 -518 -382 -602 -14 -476 -744 -955 281 965 114 -172 -923 -36 772 764 -468 428 -242 -595 151 210 -55 -158 -47 -832 733 167 480 -917 941 718 -481 -32 -881 -526 348 -189 768 -35 -342 -983 -419 -221 956 834 641 -388 800 969 919 -822 -87 504 -343 -185 320 -504 -26 669 -273 511 -568 218 226 505 -589 -118 -999 749 466 639 -957 -338 -858 -463 137 -174 534 192 203 571 156 576 -573 -853 -855 988 -567 -566 -940 -942 -525 -752 271
-138 -40 794 -817 -978 603 543 -656 -7 163 190 472 -52 209 -65 -720 -709 757 512 930 -42 -68 252 733 -461 -449 -233 -278 -515 755 479 -79 711 881 -402 280 -935 -208 135 -556 -538 -936 238 -949 743 51 -938 27 793 137 -999 -85 304 746 -421 623 -801 -685 -351 -195 -712 408 -910 -161 -1 -591 -333 712 773 789 211 -3 -849 596 -744 501 940 -342 -951 -996 411 -220 129 686 442 -552 -997 -197 674 -653 531 -329 683 85 859 427 -227 -385 -955 -617
-986 391 288 -742 14 -382 -123 -145 -867 217 -819 -771 465 706 421 -820 -651 -316 571 -175 -431 681 845 647 175 -72 -362 -964 9 516 -311 -825 214 236 -182 596 -232 613 262 629 570 -571 -569 92 241 -49 -705 -390 442 80 -633 43 248 -831 -371 744 -332 -85 -386 528 -236 246 -402 -351 -122 -938 560 86 781 758 -153 731 -778 192 118 -206 -82 -167 -37 694 -432 464 3 926 15 -565 354 -976 565 593 -365 855 417 514 -515 -777 -543 878 511 -212
-900 597 -572 -393 605 976 684 857 540 -896 -443 -582 334 88 -593 842 -165 -263 -139 869 -992 611 -174 -856 -611 901 -235 -268 -287 -138 -248 -528 -464 -215 -369 -206 619 -805 -955 742 55 424 940 -53 886 893 -300 818 435 50 -585 -283 572 974 756 -161 656 600 501 553 693 890 -965 375 107 -546 671 -388 -2 155 844 59 -376 270 826 -765 -253 567 -301 -322 -373 425 798 624 607 -800 -758 -571 262 -658 82 782 950 945 227 -776 988 -68 947 948
55 -999 -799 795 -760 591 61 423 -225 526 -857 -714 -119 717 836 -818 -257 993 -898 30 -951 263 -103 115 293 736 -222 133 577 -861 713 663 239 661 -671 -556 877 512 -46 -852 -329 -203 -748 -208 229 -753 107 182 -310 534 716 304 -558 499 250 602 -435 983 20 -476 -593 606 -955 538 -375 855 982 -826 -206 384 646 -980 864 -582 815 6 -535 766 605 -483 -775 140 -266 -12 385 898 686 -309 29 -627 757 -521 212 -772 968 -101 -218 972 -841 901
-856 -148 544 -126 261 -47 -660 518 -77 -437 72 846 223 856 293 -647 -582 68 848 -54 420 -374 10 -304 687 -844 572 521 -284 204 150 -399 878 401 -656 -738 -228 -275 149 733 -61 180 132 -310 -971 376 270 77 299 -103 -136 -895 -790 -296 -511 -841 761 -773 -683 -475 -800 804 -829 353 667 -459 -400 -231 308 -264 -462 944 582 -5 758 866 -197 992 -241 853 287 -778 -879 -706 -785 -603 -818 669 -276 49 -667 207 378 906 -815 228 87 -509 135 -946
149 745 34 -460 755 547 15 963 -85 -784 -216 795 763 278 -940 -981 191 -720 -321 290 -571 202 -803 -651 907 313 823 126 822 -906 920 472 -960 698 -851 674 602 815 663 631 -336 -146 53 -89 495 -459 529 435 -360 -179 159 -446 898 42 -509 180 -327 -210 -950 390 -283 -580 268 143 -343 243 66 826 556 811 468 -721 957 292 234 -422 385 -384 713 719 -313 69 -353 -951 961 -801 400 -301 232 -780 -375 535 -888 -95 692 -167 -209 110 -121 425
403 -434 778 405 716 22 -401 -567 639 850 779 644 -245 459 -477 -885 -552 -404 613 628 -946 127 615 710 634 391 84 950 -18 232 -945 273 -139 494 389 879 -577 993 -598 171 -700 560 746 328 -653 222 -925 46 -422 -479 59 919 88 -791 166 489 854 981 -967 945 209 502 650 484 663 858 -909 -994 -720 759 -39 -570 -414 -447 -916 44 -92 500 -137 493 876 383 187 -27 -876 -600 346 906 -157 -143 651 467 -966 -620 609 -465 -911 -822 -453 -511
863 -298 348 -299 24 12 -420 764 -955 -471 791 141 -602 -185 86 -685 -386 -99 343 -935 -653 -225 -514 -329 145 -262 -115 -17 -934 -529 -485 521 -998 420 467 -720 -891 -816 226 -954 -121 475 727 843 974 -46 -506 -273 -792 896 880 -398 381 -601 -415 680 101 -392 517 687 -74 -721 -497 -973 487 -565 254 220 922 713 886 913 -136 945 324 -19 -483 -759 261 266 737 870 -975 -823 313 -369 742 -853 -949 721 231 -900 -808 -220 607 -3 973 584 -903 -672
-489 -818 586 -388 127 -354 620 -190 26 982 888 -726 -758 261 -316 -65 -581 672 -191 408 -56 -620 972 -966 -83 65 -58 -410 514 840 983 -290 -934 -856 -309 -375 699 -373 -677 -705 641 695 -649 457 -237 229 494 317 -90 64 -420 545 -491 -549 477 788 326 687 842 316 159 682 -135 -194 919 140 -711 -72 207 308 -682 671 -585 956 -900 -993 827 738 -123 496 -572 964 -971 -699 -257 814 -378 389 262 -223 -688 693 1 133 764 558 484 222 -923 -703
-511 151 -268 805 928 522 -356 441 408 291 693 -701 -568 79 -562 996 -393 -45 -646 828 -546 -382 77 101 -97 -900 -288 462 -50 141 -225 905 -346 808 -505 -536 51 148 705 272 392 -414 85 932 -709 -338 73 -675 653 921 816 -39 779 50 -739 -662 -561 923 -797 783 467 350 994 780 274 -989 676 -253 865 336 773 -661 -679 -738 96 885 339 -990 -308 798 953 842 -439 -136 250 294 -139 -419 325 384 -317 -79 196 -961 -349 164 473 -690 -334 -112
-914 -635 495 -33 360 -103 280 78 -958 581 104 -216 -288 -159 176 -999 807 902 352 -689 108 188 -810 -674 732 -692 44 324 -802 479 -747 -628 -10 431 -784 239 -313 -425 -332 -163 -711 -844 -1 -370 42 121 977 520 -264 491 316 302 892 805 510 171 -968 -169 -158 -487 485 709 -646 645 -672 397 917 -58 -666 692 500 817 442 619 840 -279 244 587 265 922 -538 524 -434 758 -419 -694 764 141 733 663 660 439 723 126 -213 -180 -26 843 248 -394
320 486 -815 -763 886 -503 -115 256 35 -540 -112 -734 -917 -637 757 -729 -386 831 -582 371 155 354 -161 -424 822 -634 -321 859 454 -914 -339 -874 135 -970 866 -614 -912 740 -904 -437 1 -993 724 979 -41 690 880 -213 -242 821 189 -832 816 -278 -983 -308 977 -739 -32 -101 -218 -61 980 815 -395 -937 601 -269 449 -429 120 381 269 -712 -804 -847 614 -292 -515 775 -493 -279 -708 761 -994 263 -408 -758 474 -260 488 853 -156 427 -372 93 116 -475 -183 -38
895 317 -921 972 702 867 -322 187 913 -808 580 979 -336 153 -946 -244 -34 -361 -205 554 -4 -514 228 911 890 -690 264 444 -885 104 -208 543 768 803 -485 -370 -912 355 -508 -769 262 -197 914 831 24 -759 -421 192 -159 670 -326 -563 743 449 -561 780 -529 573 948 -369 856 156 407 -848 -425 -755 -294 235 117 -297 529 -321 -963 -184 505 697 -566 -127 861 585 331 -431 613 598 -256 110 386 -432 569 -188 -603 698 -760 188 -974 -219 388 -918 -941 -683
205 621 528 4 -839 516 420 120 -760 595 267 690 604 661 732 633 -973 -58 726 -724 190 883 -716 930 499 734 -643 126 -452 736 854 -356 -169 -386 -585 -910 331 -4 -683 -343 -981 -495 180 467 -230 -787 436 957 280 450 715 924 -649 -828 -181 -744 -946 -283 -72 579 -543 814 31 696 802 916 -389 677 539 -30 -38 -777 209 271 185 -110 486 792 281 -904 -417 -699 157 907 50 517 -876 688 -228 566 654 -730 711 823 -982 -492 -189 -424 241 -961
836 -145 631 325 -729 -782 158 -353 -23 571 323 812 533 -487 960 319 410 120 -763 282 -316 668 457 813 803 -833 871 -375 -963 -54 76 117 -417 905 608 439 -340 721 126 688 540 767 970 -200 830 660 -974 437 626 -294 342 -468 -491 -742 -674 -754 -515 -859 -137 689 523 -449 635 780 114 851 -621 -976 -617 -500 -602 678 473 306 -256 769 247 838 754 8 -34 -766 -826 -540 746 -255 -103 -608 -917 -512 -886 475 220 403 265 338 -158 -893 -267 -288
59 548 -600 728 503 -279 -859 -930 895 650 -409 -519 274 -202 666 -595 -674 -668 324 -942 -424 -46 -309 129 165 61 -334 396 253 -198 -587 -776 54 830 -117 483 287 -662 -781 -81 -743 856 -107 -548 30 425 -609 -657 -365 973 -285 -164 775 -507 -769 -601 868 -121 248 -956 -827 -400 632 208 424 -169 382 -936 -432 269 -961 152 537 -238 881 -980 -693 -278 -745 -421 -577 539 -116 866 -504 815 -851 544 547 687 -30 -971 -469 -883 -511 -647 89 -800 -166 -23
-982 -585 -255 -842 -990 -580 265 514 919 377 -616 -622 417 -223 -229 -179 -902 393 -68 135 -675 193 626 -757 -877 -228 -854 -320 230 943 -388 382 328 76 -396 926 783 -398 -713 -812 775 -429 -434 -966 186 -751 -387 434 896 -368 -673 -152 -490 -901 46 -176 210 -822 316 603 -173 -593 479 189 187 -211 136 -575 642 822 -198 232 31 -817 -579 -997 -784 -128 -963 -362 502 -998 -712 -512 -138 -75 851 -962 -482 424 435 581 -404 -689 741 893 -425 -457 61 85
669 413 -403 -832 875 519 624 -384 -380 -529 374 -141 -654 -224 -388 -526 450 380 -121 830 -691 769 -464 263 367 -940 -422 -286 918 193 -875 279 -613 3 -447 -992 226 -247 -599 419 -168 -549 -353 -410 -528 -79 924 772 247 245 517 203 -905 -979 -974 -404 439 -4 -548 -723 458 81 157 -144 -41 -111 -339 295 375 -962 -571 561 -568 365 154 -398 -676 972 -936 615 609 -880 -169 -452 165 878 604 -854 986 27 145 959 792 378 967 -565 -175 -590 -265 -935
-864 849 204 -822 -530 -596 -137 -969 454 490 -861 397 102 -198 594 -552 -983 833 -156 103 -368 31 206 -654 782 774 -599 -226 42 837 584 469 425 472 -923 380 -27 -91 -72 -538 -764 -553 -796 997 -593 523 13 938 552 742 -146 477 -875 -332 127 893 -862 571 609 -371 -980 192 795 -220 266 872 -680 826 -638 662 5 -166 666 182 879 117 569 691 185 -671 453 201 -755 -95 -568 769 687 680 -673 69 24 -353 -151 -629 -112 958 620 -921 577 370
-464 205 781 258 183 483 682 302 554 -482 541 358 -193 -987 119 972 -573 414 -903 -379 -636 959 -3 853 125 -873 -62 578 -439 -653 522 -418 -682 903 754 195 -231 203 -443 -477 -855 143 -130 727 -575 222 110 808 -513 679 579 495 -696 -808 111 -413 -348 -863 -85 -416 -365 -804 24 861 -189 811 -137 -383 279 -548 87 888 -628 66 -394 159 860 -550 -907 -762 -758 -747 -959 57 220 639 -92 384 -362 -162 -589 -656 801 -570 -988 -125 242 622 -303 -4
-718 -479 192 25 -552 -55 620 429 -819 399 289 471 629 561 212 135 -789 -340 -309 -739 411 922 955 -806 -377 -912 535 -440 -847 -934 588 -160 -779 -412 994 903 606 35 -496 191 -581 80 216 675 378 308 140 724 -654 817 73 585 706 -721 -519 -144 -989 -771 -818 -179 913 18 446 -750 -289 -483 -141 495 681 -260 232 509 -726 159 -256 748 167 97 861 359 -232 -513 -324 -41 996 390 -70 -16 255 -439 -781 -647 -326 504 -221 -405 349 -976 871 -140
-70 158 -67 556 302 27 -792 -153 126 -747 -721 820 -806 794 61 81 215 817 -313 -598 -825 174 420 676 -316 -759 -827 310 -51 -523 -288 -345 -553 457 -333 -838 877 276 355 878 984 -934 23 -342 662 217 619 993 -739 -391 -245 -450 181 708 -941 622 -240 100 -895 664 -738 -602 -197 -406 329 -495 -104 527 -486 -334 -85 634 550 726 403 -49 534 -462 716 922 -506 25 -814 914 887 64 207 -302 145 573 665 655 -992 514 -669 254 -456 331 -72 -233
-982 394 -605 799 -625 -506 -151 -985 -953 514 -781 606 122 -206 -190 882 103 470 -855 487 933 -10 557 -796 345 465 326 313 181 -221 -619 46 -919 714 934 808 979 945 389 -511 -263 204 463 489 400 -527 -7 940 -739 117 298 -442 44 219 495 838 20 -137 -110 279 951 52 -264 474 -838 374 543 -861 982 -751 484 -798 -86 -600 27 -41 -407 -941 138 387 852 74 354 -343 -140 -271 200 -204 977 189 248 -502 560 -931 -30 -12 -355 -421 -565 -381
-62 670 419 762 -837 -396 397 592 -82 -668 400 -372 -561 -71 761 293 754 833 -125 -787 -42 -199 -517 923 599 751 121 -404 -931 -886 -996 425 -319 606 827 -979 248 -363 -330 -153 -945 -711 169 470 416 -873 -597 783 993 -868 765 414 -993 -616 -412 -246 -43 -904 -229 -132 -558 -523 -351 -275 -816 165 -579 -133 417 -895 -919 -736 134 749 -542 -439 717 545 126 -94 252 249 -362 -724 716 880 530 333 -664 273 38 -988 -232 228 -203 -167 721 -924 302 -358
374 -609 356 -891 978 -632 -214 -526 453 428 -25 -874 986 -937 97 -913 -758 827 424 287 -811 674 823 270 -203 -912 -20 -678 -888 277 -322 734 -338 90 -115 -895 113 780 466 729 162 -187 55 190 -942 912 563 -374 -509 -953 -887 359 -614 -348 542 -818 422 297 -98 -210 784 815 214 -92 600 -294 677 -927 -800 -484 238 -534 669 589 -770 -729 -711 -956 256 228 647 752 69 -479 -202 -751 -494 754 -16 -301 305 -650 -370 -769 -467 826 551 980 -856 -952
406 340 -103 248 -368 -297 -965 36 -143 -116 -331 -561 710 875 815 879 -92 -865 -855 -49 -942 58 -336 -556 -936 -469 48 64 330 -131 231 -725 -47 -396 818 411 519 221 -871 607 602 561 185 540 20 -338 925 874 762 -960 -882 -97 563 544 -473 -828 412 395 -689 189 -970 -714 -990 675 455 -96 -204 -366 806 734 -262 17 -330 12 908 -749 265 -188 399 -569 556 499 -977 -679 -981 -305 -499 -200 826 -28 822 731 267 -894 -448 -525 -975 490 983 -700
511 -87 974 651 739 958 -731 220 -499 199 266 -871 355 437 988 -128 -164 -827 -673 -385 127 -349 305 766 -946 -900 -877 631 -852 547 -916 562 4 -531 -390 -18 -958 388 -901 468 103 559 -636 89 -326 -840 612 865 11 920 -593 156 396 938 557 -108 483 -225 -329 221 102 -317 973 292 -979 416 -770 900 71 923 -492 652 -808 458 442 713 597 -88 -881 -580 -532 -829 -844 280 -913 -661 -750 892 -739 373 -290 80 -819 76 -147 -894 937 -54 267 555
-678 52 -778 -224 -291 617 337 562 -183 608 -803 -500 -919 -442 691 -852 456 -154 -90 684 -260 436 906 625 -19 -165 -950 426 929 976 -146 -509 -244 -335 609 -818 -874 885 477 967 -716 -398 606 293 156 637 -940 -866 -754 393 969 831 -703 -494 197 -151 -801 744 -859 -256 889 516 507 -301 423 332 271 527 71 -99 -988 -705 -471 -149 486 -535 -917 95 -600 142 403 878 325 653 543 -46 -860 308 -200 103 898 313 211 593 -476 315 -223 213 842 277
-983 -437 -773 389 -739 859 -28 297 812 304 469 -909 433 -234 651 -45 -225 397 -404 446 184 252 -424 -620 -181 504 -4 132 -957 -716 619 -967 -906 45 -485 -536 -877 904 471 260 -430 268 -744 826 -419 217 -397 -9 -412 -902 -156 820 -204 690 -850 -790 -972 609 -552 -274 229 767 827 451 -309 769 360 -894 -201 703 206 -898 -261 -388 -987 -431 440 -792 181 379 978 94 833 796 787 283 666 -702 881 938 834 473 701 439 214 -865 683 454 442 -190
-98 -95 -900 601 289 197 600 337 -499 -244 379 287 -657 14 19 -915 761 -18 61 638 -535 392 -327 -619 705 -193 -384 660 -39 -503 857 997 216 906 -735 965 -464 -666 658 314 -466 -873 202 -941 -100 511 -675 2 858 -988 526 -645 937 913 794 -990 269 -741 199 -554 -256 165 -877 -147 841 -247 547 -508 565 105 539 -796 -748 -637 -246 -715 -353 -914 433 -518 -697 -788 -292 697 -851 590 -331 256 823 839 -817 -560 -724 -511 -194 -558 -858 618 -92 431
757 211 660 -944 736 171 981 118 -415 -25 956 912 649 931 -918 874 665 -254 15 -27 -771 884 869 -292 706 955 -481 -319 219 358 967 -746 -891 807 651 774 513 701 353 -392 497 19 949 863 -204 -491 -703 122 -808 -505 431 -425 635 -401 102 -528 -61 788 -192 -680 504 -97 972 -409 866 164 -35 995 763 -278 -752 -255 661 -447 -241 234 -536 993 76 -657 -133 321 -11 620 -630 -347 695 722 103 515 377 -756 -573 -207 904 -2 -637 -961 -730 994
184 -416 -279 -708 680 -335 -960 967 197 897 236 20 802 -554 -133 956 -900 -96 -101 531 649 -707 -552 479 -196 -128 485 596 -231 806 -364 444 -969 882 -683 460 170 -448 627 505 732 928 -731 542 662 785 790 709 -16 -66 -4 -846 752 523 813 534 -195 -115 -212 355 148 341 402 -988 -436 347 -308 13 -327 -178 -131 -379 -153 135 266 -705 -475 773 851 503 574 -362 868 299 28 193 -906 -527 764 -669 -371 917 450 -973 -761 -1000 126 -182 583 93
807 353 698 -199 447 972 322 133 -437 -724 430 -807 520 793 -86 -993 -571 425 660 -961 -504 -542 -397 -469 209 -329 -924 -258 896 216 -876 -598 -368 -424 -309 -760 868 -963 -183 974 502 985 948 118 126 -989 -407 21 -717 629 -597 -206 -998 -647 -408 881 -132 -136 888 -665 722 -303 -195 56 534 -714 120 44 -110 -273 628 401 472 481 -926 -179 869 -623 766 -744 -243 263 767 -299 367 -770 -101 908 854 2 -11 271 925 -361 541 862 658 -399 815 577
-46 -164 -922 -746 -105 314 483 488 -695 -923 172 419 -538 -743 -329 470 932 589 -686 -58 480 502 815 23 311 -549 -905 -206 687 890 -485 -661 649 388 162 350 -101 363 -869 972 672 406 -762 249 507 542 -932 -170 166 -408 -730 -760 667 341 834 246 825 835 288 -811 178 330 -487 103 79 561 -804 235 -432 352 -726 347 774 757 -385 -414 -227 657 225 -528 845 -606 -782 -963 889 105 -779 25 -893 742 675 -115 -858 -997 699 -189 148 39 606 596
-284 -55 -894 -18 470 171 -706 -969 228 625 777 -601 -332 541 -640 889 -655 -561 515 888 -169 -134 -616 -81 -164 -908 -173 -295 168 -741 500 169 60 835 -871 -651 -144 -756 588 59 -857 -393 428 -537 -778 -525 -833 482 -192 212 -13 920 -615 2 908 -478 -544 -305 657 -946 43 547 810 -40 -904 -737 -493 -133 -982 -879 396 -972 -377 -975 694 446 -378 -957 326 -987 173 -647 151 22 111 -379 225 794 555 812 -650 760 -729 -175 306 -905 -110 -126 -842 89
232 -543 250 -420 -759 -380 474 23 163 663 37 -734 137 71 -78 -302 -54 465 -30 547 738 -730 843 599 314 679 936 422 697 -563 847 891 802 921 55 90 -486 -655 375 646 -741 973 -56 -401 -513 77 7 -141 -155 -278 -683 286 -937 999 -223 -950 573 720 -517 -407 -901 -470 -144 363 -478 -256 -879 -440 -122 591 -347 -973 746 800 118 194 -669 -115 607 -801 -39 -913 80 807 -649 -201 537 251 409 -760 -480 351 656 -352 -57 810 -635 -548 695 402
-502 322 -969 -682 -504 -218 92 -780 -739 962 -391 -440 -556 -744 462 -533 -517 -634 782 565 453 -534 -761 -798 -956 -655 16 357 954 522 -500 205 660 177 -486 741 651 -675 -27 865 -375 -704 100 594 -459 -203 -282 -311 414 173 307 -314 -206 747 481 600 -417 -183 646 -563 454 989 139 -462 -294 241 -412 677 -544 942 -315 132 -272 412 850 560 209 336 441 -569 -684 -81 -208 345 881 -592 -668 -823 94 963 -979 -273 -97 420 33 812 880 -697 891 -935
897 705 236 -529 260 -868 -989 -814 865 570 63 850 -927 -102 -199 596 435 299 459 979 -133 -982 532 -442 834 -245 -60 -570 235 -422 355 -15 -11 -528 548 107 349 -291 -919 823 671 -485 -189 -511 52 683 140 -331 352 -296 -904 -757 721 666 229 366 602 813 777 -478 -772 -876 -230 -356 -679 784 -854 350 136 -558 -760 -160 -619 358 543 -898 208 768 436 -125 -252 -448 -181 835 608 35 664 -888 -380 -365 544 369 41 233 -486 870 744 689 749 -325
-221 300 -336 200 -693 25 -104 -482 701 -78 -579 -196 -317 -700 -98 -991 947 980 913 397 -809 -951 -226 658 787 -19 981 742 55 11 209 567 789 179 -753 -43 198 103 870 610 -501 77 630 805 846 -678 -866 -666 769 -268 -73 819 -688 9 338 -276 58 417 -896 514 -547 -845 -368 40 492 -289 818 -214 449 -194 -794 -609 -887 372 -578 436 -820 371 683 582 803 -972 -481 -180 107 626 716 393 301 -867 757 -385 -760 152 -447 -823 264 -495 339 -626
-846 7 -978 -957 574 826 749 -580 387 -802 493 -176 420 789 -451 -673 2 348 -914 -381 528 -830 -373 215 365 859 412 857 -678 547 -809 163 -880 -501 169 399 -83 998 -294 -675 747 977 418 322 -688 437 654 -855 -752 -762 763 -900 89 483 47 697 6 541 304 692 -12 503 -848 -533 -3 230 422 -372 -120 997 -24 -953 411 -267 -768 -620 102 -194 699 -289 -224 154 452 -659 -385 -397 -803 -1000 -807 917 -614 -561 924 -708 -212 -891 347 -107 -895 -638
-329 -285 241 39 637 705 -347 -741 -498 -333 180 330 531 -900 -447 -629 165 -239 -544 478 -376 -147 -705 522 -263 500 -253 159 -922 876 -720 0 -136 -664 -412 -895 -180 864 323 -307 366 -454 627 444 654 658 396 110 647 31 34 549 -114 -797 -796 -203 518 -886 -473 119 -957 625 -78 489 -984 -618 632 939 959 673 -958 -157 -970 -935 -736 -225 -178 629 370 91 -191 449 -367 -270 -985 -202 135 731 -508 -724 -817 -764 -458 463 966 645 412 -909 543 3
14 569 -505 841 -560 506 252 -427 528 -815 302 -81 98 652 547 620 941 184 -865 -371 911 234 -973 134 580 560 684 778 135 -103 -458 596 -305 649 -687 -888 64 727 -954 -615 849 -291 -729 -861 976 555 124 -946 907 699 389 -689 41 273 854 562 739 11 -392 -654 711 912 869 -201 187 -347 -880 141 886 81 -422 -240 -942 -684 -869 -344 -681 -785 406 948 593 -775 536 -640 424 163 927 -381 312 177 -902 -613 -418 299 440 270 539 226 -118 287
332 821 -151 -809 612 7 946 -442 823 131 -759 579 758 245 -830 96 -476 -570 -79 241 207 870 -769 -555 -294 -207 84 -261 385 183 447 -936 -840 589 461 -481 730 386 701 516 -886 721 -815 -144 937 -234 -554 -681 497 -867 -998 869 -523 -338 -820 646 -509 476 -728 -736 464 -955 776 814 -275 -45 715 -812 539 101 -192 -822 -729 -408 -837 -569 -654 -756 88 -659 -588 -732 -323 -407 484 799 418 -212 861 -92 789 388 -848 -563 -147 431 87 -910 -550 161
842 -692 -739 -792 -835 -802 -625 -531 717 479 102 358 -563 -170 -778 -927 22 987 192 -82 314 163 540 -930 -981 333 797 -793 -230 318 -581 972 410 950 868 -310 735 -85 -946 -873 570 428 715 -922 -416 -720 617 -342 -68 924 -892 855 -751 -387 -883 764 974 101 -489 -198 -944 338 881 -950 -16 311 -685 -722 437 181 -814 -152 -187 649 56 67 195 -54 -417 -617 778 -781 693 132 940 380 -686 549 647 218 527 -992 24 584 -820 598 811 278 664 110
877 671 485 -913 497 309 -774 436 489 -620 683 930 336 -164 585 -879 -256 853 163 -564 -675 -712 754 965 723 -324 -870 -440 551 -896 -309 322 473 -84 308 -99 140 -865 661 -277 -284 620 464 356 365 368 541 -696 -379 -823 756 -838 -205 -52 -67 775 13 -278 905 471 -358 -225 862 -126 912 133 191 212 542 -970 526 319 792 736 -503 352 988 -387 -209 19 529 -452 -17 -653 889 -258 608 -490 -14 -530 -275 738 798 -666 476 -619 762 -263 245 -176
-277 37 -143 -661 30 -857 650 -116 370 -432 -604 -592 293 -753 52 -478 -252 269 -459 16 -641 550 -163 991 6 329 338 -692 857 -943 -147 -979 -618 -886 591 -581 838 776 -383 345 239 -544 -863 -688 967 684 358 787 -952 959 224 276 788 -810 804 961 -551 -851 -962 5 -802 837 -393 -102 -250 -390 979 255 628 695 -971 -997 -938 253 -659 -269 159 768 -713 220 -262 595 945 -452 -736 972 11 588 -830 877 -640 -37 339 -630 -49 -888 -352 -187 -591 -541
-146 259 752 -112 -576 -261 40 -879 -707 -807 -233 985 552 939 -572 -941 397 109 -900 -196 -268 117 -987 -961 935 -942 -732 900 -424 -36 -524 983 -923 334 -714 995 -317 -562 -228 70 -168 880 -439 313 -23 157 -44 -904 -479 173 -642 -848 -274 -306 222 -280 -367 -108 -35 796 614 -907 123 511 883 375 -384 -59 -773 591 -175 704 17 30 999 295 -693 -560 747 -265 -623 -273 688 494 818 309 -947 627 -22 714 227 -998 572 607 195 991 -87 654 -434 177
872 -303 -790 38 -722 50 -658 -164 29 490 634 -310 530 -58 890 928 -472 405 762 592 -849 -544 -982 -425 968 55 -438 816 254 688 -819 -695 -941 307 664 -584 -958 171 110 -113 -167 531 -421 -13 581 -69 -468 702 -976 75 584 527 846 965 953 -389 536 -232 -31 528 -337 973 -697 -251 544 329 -213 -375 -236 -850 -518 -371 72 69 -641 644 -568 -66 -528 -535 -473 -534 575 -898 737 856 -652 -328 -394 482 -948 679 274 -809 149 11 935 655 516 -897
709 -936 -253 -945 426 -89 -782 890 -343 490 -445 772 115 38 790 -778 513 -446 -951 -942 407 -631 -402 -57 -938 745 -424 -507 -432 -848 949 -274 -462 833 556 873 416 371 -810 -818 -48 -832 680 -657 893 79 -670 -913 765 105 246 619 -397 832 -717 -341 -895 -307 875 -228 335 -208 494 389 385 -303 333 624 387 -739 96 968 108 -216 725 -93 488 797 -903 262 -763 126 -225 467 -265 -943 -902 795 781 65 398 -501 798 -797 -794 501 755 -992 -413 -632
746 411 696 972 -439 878 -382 255 747 166 -374 900 -856 -974 -90 -996 51 638 -237 706 26 -496 -555 511 -910 -740 998 687 -88 5 -226 851 439 244 849 -938 296 279 12 -344 -104 66 -119 229 480 -600 -636 363 522 228 755 -536 -782 96 -425 666 -379 -754 -184 -461 786 -378 -775 -879 -731 74 -494 -290 -148 390 64 -236 581 960 -449 -150 -230 945 529 630 858 620 463 466 -918 -476 -952 10 133 90 -74 45 164 614 693 224 962 386 863 -849
797 501 933 329 53 -251 -535 151 -243 591 300 -187 -307 287 -624 803 842 -895 183 331 -793 196 -254 315 301 541 101 420 -731 734 -195 -848 -991 -981 -318 -457 431 872 -747 -200 -695 -864 31 -756 -100 921 530 706 564 239 -939 -220 773 -509 976 498 -830 -508 -56 620 -261 961 965 -1 955 309 760 -270 636 -960 502 93 -533 202 -738 -612 193 -638 -546 -790 408 -861 -590 -801 781 214 762 -411 -234 58 -696 -275 -208 -620 384 171 242 47 -125 -723
357 -583 -31 -818 -497 -159 -753 969 953 -671 -82 -405 -334 675 -355 -200 -648 67 197 441 885 -880 -679 -573 956 486 -325 405 72 387 -904 -521 -85 618 185 287 -650 -703 -283 -279 250 -241 698 175 843 248 -197 161 -416 -457 -941 219 -688 685 -348 -132 164 -639 403 -901 -545 -377 383 -743 597 160 -531 -856 -520 -265 82 247 377 108 -977 556 -273 -52 -828 -69 -978 945 889 -664 -741 -64 979 774 826 -851 600 223 -151 -953 -313 -535 668 -400 -228 898
-414 -968 -768 468 850 846 701 520 491 130 235 876 16 -120 423 -195 825 -160 -930 865 574 -974 -642 156 766 664 296 -475 -907 -59 -84 835 -726 812 -575 -837 -712 -668 -382 -559 -213 754 -76 155 -62 904 487 837 -545 375 333 425 80 -469 529 -36 275 909 707 -438 952 -41 118 6 -605 -434 501 -696 239 -521 543 -177 -417 43 767 336 657 273 -625 -931 -322 -520 843 -594 631 731 -273 780 686 -945 532 101 558 -523 -147 145 183 -892 381 -78
450 595 -219 131 -996 1 -503 -147 -832 -336 425 -953 -304 602 766 851 773 -979 791 -530 -476 -877 322 -274 -926 283 195 -828 -681 -836 139 947 60 859 -479 -65 521 84 -884 -878 -939 898 48 -315 -314 174 -24 190 713 -58 -891 320 516 937 738 888 -152 532 487 -332 4 -616 655 627 45 -991 427 -542 431 -633 -746 -424 -950 256 -285 -701 -96 -104 464 -535 453 -917 -695 -570 144 -211 -855 228 700 -156 78 -645 -53 -457 649 -301 -98 -243 -399 400
-876 148 722 -564 649 798 242 778 -651 -292 114 736 -6 -671 -86 -647 -706 179 201 858 -444 -33 -908 -941 -873 -10 -90 901 -74 797 -493 -130 198 -87 -64 321 912 280 -247 -349 949 -490 707 375 -327 29 -314 -957 -817 946 125 774 -722 -184 -411 -707 -23 -986 -901 209 835 -190 -999 -432 423 -836 36 720 229 790 -413 -845 -823 976 733 648 192 -92 -629 961 813 998 -878 899 -210 808 839 -920 -105 -15 105 315 617 -605 -72 298 53 -14 979 -967
-118 247 489 860 -794 -858 -50 585 -449 -639 -841 306 -623 828 590 -119 -380 -63 -492 72 -245 929 -434 -968 12 -977 -571 814 -594 355 -725 430 -738 -819 952 976 -938 -125 -978 -75 505 281 -947 -133 51 -189 675 -976 639 475 589 197 424 -516 -268 -613 842 710 482 -836 -305 491 -505 -36 -548 -417 727 391 -477 971 -154 -485 836 -797 112 -57 431 497 -300 -988 298 121 -237 582 -123 -419 -527 -831 560 140 -741 -214 -472 -132 569 754 823 743 975 -293
71 -319 -733 588 -528 796 -334 -656 -632 -225 -98 519 891 290 -288 259 -415 -546 -242 769 -852 493 -226 -176 672 5 -110 956 -727 45 -33 676 -41 298 855 -382 231 288 -318 92 213 -358 98 -184 -676 -320 411 -963 608 679 65 96 876 111 -745 549 185 860 100 -732 74 495 459 -557 -583 928 -950 335 393 499 33 73 -898 -625 -223 870 795 -543 -393 201 287 -407 192 696 -92 -255 -327 -139 161 -359 -172 -724 -657 -64 422 933 383 378 565 -67
-978 -204 480 -494 -637 -544 -742 996 353 271 770 -677 -211 611 -933 655 694 565 558 -530 599 21 172 -317 -311 -407 -781 -997 679 -116 574 613 982 -585 -521 26 705 -884 108 -269 -408 -555 263 627 312 31 767 205 67 237 -955 -681 -736 762 -701 554 -791 -501 494 73 -202 -811 -266 -871 -349 364 695 -974 -276 -313 702 970 726 670 15 139 739 546 535 -83 367 609 -768 220 80 -163 547 464 594 -998 505 -79 284 308 -638 -676 322 780 -680 809
-611 -973 -882 -301 -119 -126 -881 -622 100 74 -183 -77 -652 719 -868 -760 865 3 -986 911 -101 -427 -639 63 -470 -954 -370 45 360 560 -203 439 -550 -507 -683 -906 503 304 108 -482 -385 840 -715 738 686 -440 -454 213 586 -367 900 524 654 22 -997 493 717 -108 -786 -177 770 273 18 995 -522 797 -909 -578 675 633 -485 140 -293 -197 -584 983 -688 377 -811 -3 76 -771 539 712 957 106 -249 562 671 774 -477 885 915 875 -995 -492 621 -837 228 149
725 -457 772 -458 -102 -12 236 -466 -500 -475 -823 -484 -216 244 -620 293 644 -346 429 -791 618 94 -706 216 332 370 484 -365 -692 681 778 799 940 153 -663 -540 140 288 797 38 -67 305 937 688 -599 -431 975 -395 -576 831 -833 -809 -201 -999 -99 413 409 -62 435 -944 -660 -427 47 354 -643 -301 267 116 -125 13 12 587 991 -640 -708 -976 -709 -189 -362 -811 686 -839 -628 970 290 -584 -619 -780 563 52 185 276 225 -149 335 -313 -174 599 -808 247
378 988 79 232 -379 -63 -389 618 -191 -200 252 652 -76 691 -951 435 -266 326 -914 56 907 199 -308 153 661 311 193 169 932 -534 648 -878 -27 -406 -962 550 530 -771 -491 -417 -252 -806 180 -725 -988 -563 998 317 -275 469 -848 -900 -768 198 455 -462 160 369 -362 -138 -473 -941 -226 -737 -2 845 -832 -114 292 750 806 -317 818 468 157 -899 -976 945 -431 -322 307 -879 680 -616 -459 -190 -860 -327 -630 -471 802 915 611 559 -570 -607 -234 -100 -948 -506
-965 64 -276 707 704 -57 -944 -196 14 -599 496 -832 -212 183 -206 245 -826 583 114 879 988 318 -428 -142 -710 -88 493 -888 -507 -243 -227 -865 212 119 366 149 889 411 -194 235 -345 -343 -823 80 -398 672 -868 -34 -53 812 331 -422 553 785 -241 726 -438 -992 74 736 380 -286 321 -790 287 -270 -595 335 -484 939 232 619 379 -229 -130 -277 -489 -807 -289 590 90 -757 -66 -221 -152 -817 632 341 -450 -252 -78 145 625 570 -543 -791 342 -461 -602 -742
-425 -268 541 264 45 613 -270 -412 609 464 -983 109 -458 -331 -964 991 415 -34 -991 -887 883 -624 -204 195 -755 -102 -546 365 -681 -53 -73 440 -386 -368 91 -852 659 -323 457 -395 -956 -743 691 -921 -567 625 -979 -997 615 -511 -533 -320 879 932 -371 -456 -18 -549 679 652 -161 39 396 -760 67 54 -784 377 -248 942 298 695 -209 885 115 -478 -896 -850 480 848 863 -692 -848 551 828 436 407 529 -447 308 -256 -151 489 -122 593 75 836 94 596 978
658 -166 370 -392 78 293 -334 893 -71 726 -796 -433 -485 419 388 -425 192 759 -358 495 244 -747 -568 -167 -172 -374 392 -221 -44 -353 127 57 43 371 39 387 454 386 499 -177 -706 872 777 -427 -809 -763 65 463 950 -163 -84 -902 -793 -984 -730 -774 471 295 -239 198 -18 861 -753 -851 257 34 -732 -6 924 573 -95 560 973 516 300 254 -372 347 219 876 864 882 651 205 -346 317 621 -542 330 645 804 432 68 336 149 904 756 -961 269 -591
-726 -881 68 -996 -782 240 -189 -754 247 -332 -709 -687 601 -993 -820 -567 313 478 27 713 -657 -982 -565 -805 644 -699 -426 745 270 -171 -882 -504 -437 -531 -397 -164 375 -285 235 -676 -784 -975 665 -336 563 449 -670 -827 -461 -8 -658 613 -297 584 224 -999 -569 894 682 -748 547 -201 680 758 -44 649 522 -219 79 -95 -763 940 778 -938 672 186 -61 -845 968 443 -794 614 -148 740 -266 78 152 -344 435 -961 423 569 463 731 371 -464 990 987 -948 108
36 361 -616 233 -278 -658 563 -757 -540 -136 649 -822 75 647 955 -537 -285 -1 397 -483 429 534 732 308 -839 -326 -91 657 359 -731 -40 724 858 -915 -970 26 493 871 -7 110 69 138 -104 149 655 -82 -708 -126 313 431 485 -971 133 -415 140 -453 984 -929 533 -64 -139 -751 270 598 74 -577 -383 -759 835 46 116 169 573 -727 -121 -785 -410 589 17 471 -645 228 -240 -676 937 101 0 -991 379 715 -441 -87 733 879 -930 259 381 256 979 640
-403 -741 -141 162 -230 266 -133 834 -679 -268 -377 -279 -226 -417 -791 -906 781 -338 -285 -43 989 593 891 117 631 433 238 529 -720 -123 -711 -1 832 13 -491 92 479 -660 -454 -910 720 215 -697 436 -920 -680 -958 -506 -56 814 -626 333 863 31 -30 -39 633 704 367 74 675 -709 782 37 727 744 -670 570 -922 239 -558 -857 -254 456 287 854 729 -504 -125 -311 -546 416 973 584 -224 -469 -651 -565 949 -724 -356 324 258 -682 286 -762 626 73 499 -842
-972 924 -380 217 130 652 -720 390 80 566 160 -555 -24 427 327 401 761 38 -108 637 18 920 738 -981 448 969 631 483 -611 -97 -504 -282 -68 -750 310 545 937 -278 -295 -429 51 678 583 -250 -451 -861 963 69 -951 -150 -23 -25 -786 351 -393 488 -918 -47 -176 4 947 808 -331 324 230 -463 -541 -336 554 -631 600 -814 -768 -937 915 -406 370 -6 595 -996 -999 785 -8 733 -364 -311 -31 643 -941 833 -263 -764 941 561 -61 896 762 830 987 -407
879 438 -334 -991 -17 -205 -341 -395 -524 -249 -860 -511 -663 -449 674 -822 -695 854 560 -463 40 852 -114 367 -999 873 -415 -11 565 -612 -410 407 326 -394 -718 -611 446 -722 932 -715 514 705 -33 402 -944 -455 842 105 -758 397 -92 -329 -269 480 546 -825 -721 -263 151 -113 -348 677 501 406 -433 -513 -754 215 44 -369 -238 776 687 -425 270 938 362 -419 -983 -500 -833 -402 -319 -767 786 118 -746 -275 268 213 -59 -164 -140 818 304 684 -608 -643 149 164
187 -515 949 965 -649 475 -96 671 397 -132 984 76 855 370 156 900 -846 -464 -683 -713 -267 -6 -518 729 -578 -662 -690 -679 -812 969 732 656 -341 -638 245 733 -131 912 990 352 -339 -428 -769 -718 -335 -589 -591 805 115 775 236 -164 -693 417 -730 596 437 -965 -109 -303 413 90 -480 793 -773 -633 361 -498 287 -47 537 597 -900 -922 -926 -607 20 980 45 422 -296 802 962 -935 581 858 123 -960 -557 667 -898 838 -937 -647 -835 -170 305 679 -405 443
-976 632 35 -792 -905 689 -589 733 367 -175 -681 857 -556 158 -315 690 68 481 472 623 912 402 -519 934 -620 -701 388 738 779 130 630 955 -250 -658 384 148 533 139 876 -25 46 -238 -261 765 978 302 -601 -462 -29 -507 -647 411 -468 287 -434 496 493 576 -591 984 604 39 922 -40 -234 -486 321 -667 -396 -624 167 -227 -399 -659 866 665 -769 -149 -512 530 648 -247 -597 614 620 -547 -489 -210 268 -414 -13 -72 -876 524 125 -469 22 523 6 960
969 -832 356 -842 -253 193 453 -326 359 998 315 562 -743 938 -147 -811 299 686 -559 247 -295 -973 862 -686 291 -123 764 -91 225 -680 19 -324 -251 433 361 -190 660 333 -750 759 -846 849 873 678 370 493 -497 -763 -586 325 -345 -956 747 -372 139 354 703 162 443 450 55 952 -452 -509 113 -342 -293 -837 554 133 719 395 752 -465 -596 -999 -116 -765 615 -961 939 53 983 -370 413 407 -383 852 323 -170 -110 727 -543 -692 -672 -17 663 -853 -219 239
729 -605 939 250 -457 -19 440 -400 750 -777 -143 47 819 895 124 353 -587 43 415 182 -716 350 889 -181 -257 -923 -656 -512 -16 -611 -834 711 666 -20 718 219 -483 72 520 752 713 791 387 -495 643 -881 400 -661 604 -860 -262 829 716 341 812 -751 135 487 -315 -649 581 -455 -812 1 -699 -226 -276 -160 -73 825 -899 732 -474 66 297 -778 -814 24 984 663 -975 -743 368 997 312 482 622 -893 698 -874 813 -696 505 435 142 -75 951 -214 -190 803
798 916 -103 -648 196 927 118 26 -931 -99 -349 -727 993 923 -539 610 750 -353 175 724 334 237 635 -298 -600 53 144 -466 723 258 518 -70 408 266 -246 -31 734 -364 111 -269 198 -181 108 722 -460 56 -370 -798 -11 -571 -999 241 304 -453 -386 417 40 -205 -959 -46 -840 -144 -834 503 988 215 -825 -877 434 209 616 -675 181 650 116 -500 -213 -320 -371 761 531 -753 177 -680 -698 419 -538 535 -655 -307 323 -272 -981 -455 329 246 -868 -380 -884 626
184 -24 619 7 317 255 -475 15 -193 -231 -489 -531 -65 -312 801 -846 327 -934 -105 -947 -758 297 -483 -419 903 76 901 955 428 -310 -721 456 742 110 54 -659 -410 600 200 -117 593 -937 954 690 -654 -808 773 960 6 495 508 -515 -275 520 883 -551 -550 468 -219 -421 -98 680 -235 -655 -194 279 -340 998 339 -738 -78 378 -650 792 -566 756 929 -195 -79 574 -803 35 937 -486 -529 -615 613 -975 656 -972 394 -567 -260 603 -585 -851 -858 -305 -34 -993
-697 492 158 443 952 -341 -737 -329 -858 45 241 116 -590 457 -907 564 757 25 -164 310 -488 -203 -896 -270 -480 643 895 711 12 35 343 30 -865 -996 -401 498 170 -409 -645 967 -557 -965 805 613 -582 166 -932 155 -290 193 -735 968 -565 637 461 -531 624 -948 344 -481 809 -347 496 -197 -790 489 -925 122 928 -834 573 -579 371 -520 -193 129 -253 -499 -933 -498 -665 397 363 -240 -378 738 873 -70 657 -390 762 97 827 135 -658 -238 -350 139 72 -287
-553 526 -200 -163 -84 817 993 67 -36 -333 -466 387 -899 622 -818 297 367 -652 718 599 841 -486 823 396 -242 917 -345 814 490 493 -92 300 975 513 710 -235 671 -61 695 -416 169 923 -213 -610 -40 -483 -992 616 -220 757 -162 -360 -807 -549 755 46 333 878 437 9 626 517 -97 -364 -39 582 -942 -866 -214 955 -640 902 708 -911 -636 -359 -169 446 -367 -174 -260 -882 -439 -444 640 20 -741 966 327 -106 -778 -171 468 -835 -18 -809 871 -494 -656 -311
-74 -927 69 -721 -354 143 133 -102 -683 -399 -456 -796 -472 -659 643 10 -682 -210 522 722 861 840 605 -591 -622 108 -205 452 219 922 -508 270 -77 -469 135 773 -616 795 -658 -981 788 -123 -490 -391 617 -516 721 -767 377 -994 517 35 59 -463 413 982 -631 -11 -190 603 -837 -56 -519 945 -78 516 318 757 -438 718 -939 250 379 -302 199 593 -567 591 -187 -217 -764 -529 -758 -197 408 606 -489 456 420 151 -829 -784 462 -716 463 -972 -394 496 -653 842
166 -365 373 -693 479 192 -333 -707 -879 518 738 -116 52 -901 74 187 -623 173 685 607 -63 38 579 -972 -103 277 869 335 961 928 -957 -306 431 178 -647 -371 -69 834 -113 -892 824 693 219 967 72 848 242 -771 -168 133 -42 -195 865 -817 -354 627 547 -72 760 -787 -904 680 499 89 515 722 -891 -791 560 -305 -977 -210 -781 412 -475 -893 265 -955 428 183 -862 507 -241 621 986 776 -21 -731 401 -179 -247 -540 95 -128 -675 246 -549 -86 291 -539
692 -390 194 427 75 426 610 465 41 745 188 397 -547 -213 -822 860 -53 759 -640 -105 -652 -603 543 -199 -276 -768 -595 949 1 425 599 858 30 -237 116 866 10 178 815 94 -430 20 501 532 -574 -750 247 -833 312 587 463 -277 920 95 -772 885 -16 344 -732 852 -5 874 -923 -754 -486 43 -370 -76 -84 -816 -374 -480 -280 -931 867 694 791 535 747 -582 -655 -31 -118 -154 -835 -889 -167 102 -691 642 157 526 594 -50 586 439 -864 460 895 203
699 310 985 -307 819 402 696 646 817 101 864 -168 139 581 99 863 -664 844 -381 693 511 448 251 940 -700 91 -803 740 -83 491 -361 -448 -867 -169 7 -294 867 -619 84 -698 554 -240 -772 206 -215 905 -770 536 -459 -767 489 601 -388 -344 478 151 977 -881 -804 -46 -759 392 239 -244 641 -883 775 829 -989 756 959 -289 -441 576 280 836 -838 -343 -946 -148 -252 -220 281 -213 389 4 -926 544 -553 -705 401 -851 452 971 -885 923 -216 -569 127 -170
-75 343 102 -758 295 319 -195 -90 -172 478 912 -55 -743 507 746 -746 -150 -382 -480 -980 -427 894 276 -183 765 -117 -938 357 755 982 8 231 827 263 -414 240 873 201 586 474 -926 524 891 -995 176 611 38 282 -594 -485 -443 -105 268 845 964 998 -864 -637 -354 926 -364 -787 578 -35 -804 -628 -37 -561 -168 -939 426 792 625 948 221 -408 -429 -744 404 117 -331 -103 565 971 -266 954 724 233 489 129 -838 751 -181 397 -617 849 -113 -447 -495 916
2 439 747 888 -415 -971 774 -319 -607 -345 678 -828 -847 -623 357 -176 -930 -747 -351 -57 -462 -130 -253 939 -710 879 -206 366 -608 385 -889 957 -200 -667 340 931 719 803 576 503 -785 -273 961 -47 18 -59 -269 909 -226 -286 350 645 13 202 -544 448 125 -974 -272 983 290 -656 -869 90 312 -529 164 293 -117 -714 309 762 -312 -158 -665 -263 -776 222 -901 650 335 -791 -548 -425 -684 -876 -313 100 780 -855 175 -856 -956 -484 -692 252 808 -483 -908 995
-379 -993 -903 -597 797 -58 753 -819 -372 943 -790 -3 -193 349 -578 -992 71 -508 -411 952 -1 -932 81 46 745 -946 -52 -118 590 413 569 -641 628 -74 256 844 -728 -190 608 -507 -644 380 572 87 -273 -90 742 963 -666 -944 155 211 785 335 551 -782 -518 164 746 -85 472 954 999 -349 -679 -282 -496 458 777 320 -654 -473 -566 -55 -825 -848 -991 241 984 399 895 624 728 -950 805 -985 346 284 -527 669 -161 712 -280 -839 -689 113 -737 632 -927 -80
172 -475 22 102 -53 745 -422 493 472 598 241 -86 -640 722 81 955 -523 428 170 -964 140 525 94 465 863 987 -975 559 815 -911 -524 606 408 -920 -482 766 272 -280 959 -478 782 444 82 -622 -988 176 122 -918 -110 -921 -943 -770 769 -15 -767 -668 -290 -165 -744 -477 -441 -40 887 787 -499 -615 -338 539 797 -899 -544 416 64 737 -306 -513 -866 -663 -537 -932 -936 51 399 557 159 -433 87 -397 548 876 795 703 -226 -41 -792 -383 200 478 -103 68
246 454 -398 590 -559 -573 -637 -551 175 -671 961 683 -230 441 161 815 -770 852 -200 -293 -141 315 -879 -673 792 817 -185 206 -648 288 -654 804 159 448 52 767 -99 -707 970 167 706 975 131 -808 -645 100 -780 -760 -828 -751 -903 51 589 -485 -163 -100 -339 951 -479 233 629 -764 -332 888 238 -788 -633 572 -831 237 555 54 339 -77 936 -787 39 -272 477 765 736 -902 -420 632 -983 160 222 -932 944 -268 -336 405 -773 181 721 -488 469 -386 -137 -843
501 923 -778 -291 742 -910 403 -887 380 902 947 -668 -205 432 195 7 455 -18 691 -356 -419 89 412 870 40 -764 149 -620 -749 207 209 -532 761 847 782 994 -591 391 -922 956 899 662 519 -377 151 -94 487 -990 -597 -913 -324 944 518 -518 201 -630 -436 -522 -309 747 -925 404 789 -379 -769 -48 340 -101 781 83 -24 -465 551 -17 -860 -140 308 557 562 736 -444 -224 -959 778 -104 396 815 -523 -822 -867 -220 -993 330 939 812 -510 -648 724 460 184
5 -944 -385 671 807 -904 -815 355 -1000 -269 -845 -910 40 362 -450 822 -510 392 243 126 670 819 732 -562 575 200 63 -630 184 817 -396 -539 -465 -987 -880 -160 -180 955 629 532 -165 -380 -289 -379 406 92 -325 -593 -267 -410 140 882 -755 53 -149 -1 -266 -901 45 -753 989 511 -198 -586 -117 179 -923 -548 -800 -35 -643 135 7 486 270 -849 17 210 264 -787 523 739 -536 -323 16 219 -381 726 -861 -427 -228 988 -474 -566 276 698 -775 -885 105 255
153 837 981 -899 -625 -741 -145 -752 -509 901 -708 -982 -638 488 -683 373 -875 -914 -811 736 -131 -378 -407 -102 704 -689 215 180 -821 7 608 -797 511 911 992 275 -463 -721 -202 -802 -979 -935 -428 -25 -737 785 510 -316 -547 649 -23 940 -579 -663 -909 287 378 -735 -558 -205 -232 -994 829 962 -742 576 366 607 252 390 -355 -96 -950 -473 -522 -490 -405 677 527 568 313 -744 -563 -881 24 -755 831 827 -966 -840 -8 744 200 987 516 -327 -568 -179 -978 -476
-525 149 -554 173 689 464 661 669 -986 142 -752 362 9 358 -141 361 594 336 -451 893 65 986 116 933 204 -93 195 982 -305 302 516 -871 -353 223 711 481 175 873 -881 -796 598 -200 346 446 569 -898 81 808 403 416 206 -568 0 721 -285 -150 624 292 -265 -953 -743 -756 499 -565 -389 -173 -461 480 660 964 -848 -688 552 -735 313 -338 264 -610 -516 -331 -944 462 188 -940 377 15 -934 315 342 -642 -191 -333 618 -22 165 -753 -671 129 -251 606
890 530 -524 475 -193 -128 -38 603 -428 567 -70 -797 614 891 -817 -23 782 -546 974 697 -461 339 407 815 10 -472 -825 682 188 344 566 875 17 510 -262 418 667 -854 -245 976 -757 211 843 889 -531 760 -224 785 97 -972 945 560 557 749 -839 -752 -473 -786 35 133 762 -961 404 903 -100 -748 58 735 -935 -960 -381 40 295 -495 -703 -837 923 219 -479 440 -397 -35 144 -377 494 -386 -253 281 739 -462 854 990 716 589 897 470 577 477 -132 -916
-758 201 -539 -550 562 -526 121 -767 -122 743 602 -636 594 -670 -478 -697 775 -136 615 -189 -346 -867 305 -395 770 -857 -405 741 478 -730 -727 -170 -916 -403 226 -495 739 551 4 -499 784 711 252 -928 541 567 -529 -227 -22 973 -254 -118 -947 204 -877 216 -278 645 -684 -872 -82 -298 -119 104 -224 337 -554 -180 -210 -676 955 -92 45 710 -865 908 -718 837 -547 958 647 -912 822 890 168 -929 745 177 107 543 -644 788 309 -687 206 -115 -567 -737 52 643
414 -627 -38 -349 -50 -778 -257 209 911 729 -479 -635 308 -730 524 315 -43 -817 157 652 -207 296 -799 -146 -764 -369 -918 995 268 -943 754 563 -296 -397 770 -569 124 -457 603 2 507 -53 668 -503 -613 649 -940 673 708 873 -182 -275 765 542 -516 404 232 43 -104 759 265 -144 321 -46 972 -55 -992 887 738 -259 340 499 115 306 426 180 582 577 35 91 -343 -11 49 -691 809 -268 -688 -159 783 -581 576 8 -74 -528 370 126 919 999 932 699
-174 -828 -223 449 -977 -376 -632 373 124 -526 673 383 565 806 413 570 -665 0 736 520 -144 49 902 563 -116 452 789 114 -125 897 -289 -962 -850 -876 -685 -707 -614 -811 -133 990 384 140 -44 -959 54 -418 224 371 -123 409 828 131 -154 -361 -120 435 -867 450 122 35 987 541 -542 -815 -863 -981 -494 499 858 -549 -239 676 782 -103 488 253 -965 104 -407 760 599 636 328 -109 -419 -509 347 875 693 997 -56 -816 -578 36 -774 845 -610 -659 -513 708
